mode: set
github.com/SonnLarissa/wallet/pkg/wallet/service.go:30.78,31.37 1 1
github.com/SonnLarissa/wallet/pkg/wallet/service.go:36.2,43.21 4 1
github.com/SonnLarissa/wallet/pkg/wallet/service.go:31.37,32.29 1 1
github.com/SonnLarissa/wallet/pkg/wallet/service.go:32.29,34.4 1 0
github.com/SonnLarissa/wallet/pkg/wallet/service.go:46.70,47.17 1 1
github.com/SonnLarissa/wallet/pkg/wallet/service.go:50.2,51.33 2 1
github.com/SonnLarissa/wallet/pkg/wallet/service.go:59.2,60.12 2 1
github.com/SonnLarissa/wallet/pkg/wallet/service.go:47.17,49.3 1 1
github.com/SonnLarissa/wallet/pkg/wallet/service.go:51.33,52.26 1 1
github.com/SonnLarissa/wallet/pkg/wallet/service.go:55.3,55.21 1 1
github.com/SonnLarissa/wallet/pkg/wallet/service.go:52.26,54.4 1 1
github.com/SonnLarissa/wallet/pkg/wallet/service.go:55.21,57.4 1 0
github.com/SonnLarissa/wallet/pkg/wallet/service.go:63.112,64.17 1 1
github.com/SonnLarissa/wallet/pkg/wallet/service.go:67.2,68.33 2 1
github.com/SonnLarissa/wallet/pkg/wallet/service.go:74.2,74.20 1 1
github.com/SonnLarissa/wallet/pkg/wallet/service.go:77.2,77.30 1 1
github.com/SonnLarissa/wallet/pkg/wallet/service.go:80.2,90.21 5 1
github.com/SonnLarissa/wallet/pkg/wallet/service.go:64.17,66.3 1 0
github.com/SonnLarissa/wallet/pkg/wallet/service.go:68.33,69.22 1 1
github.com/SonnLarissa/wallet/pkg/wallet/service.go:69.22,71.9 2 1
github.com/SonnLarissa/wallet/pkg/wallet/service.go:74.20,76.3 1 0
github.com/SonnLarissa/wallet/pkg/wallet/service.go:77.30,79.3 1 0
github.com/SonnLarissa/wallet/pkg/wallet/service.go:93.76,95.33 2 1
github.com/SonnLarissa/wallet/pkg/wallet/service.go:101.2,101.20 1 1
github.com/SonnLarissa/wallet/pkg/wallet/service.go:104.2,104.21 1 1
github.com/SonnLarissa/wallet/pkg/wallet/service.go:95.33,96.26 1 1
github.com/SonnLarissa/wallet/pkg/wallet/service.go:96.26,98.9 2 1
github.com/SonnLarissa/wallet/pkg/wallet/service.go:101.20,103.3 1 1
github.com/SonnLarissa/wallet/pkg/wallet/service.go:107.50,109.37 2 1
github.com/SonnLarissa/wallet/pkg/wallet/service.go:115.2,115.19 1 1
github.com/SonnLarissa/wallet/pkg/wallet/service.go:118.2,119.33 2 1
github.com/SonnLarissa/wallet/pkg/wallet/service.go:125.2,125.26 1 1
github.com/SonnLarissa/wallet/pkg/wallet/service.go:128.2,130.12 3 1
github.com/SonnLarissa/wallet/pkg/wallet/service.go:109.37,110.30 1 1
github.com/SonnLarissa/wallet/pkg/wallet/service.go:110.30,112.9 2 1
github.com/SonnLarissa/wallet/pkg/wallet/service.go:115.19,117.3 1 1
github.com/SonnLarissa/wallet/pkg/wallet/service.go:119.33,120.33 1 1
github.com/SonnLarissa/wallet/pkg/wallet/service.go:120.33,122.9 2 1
github.com/SonnLarissa/wallet/pkg/wallet/service.go:125.26,127.3 1 0
github.com/SonnLarissa/wallet/pkg/wallet/service.go:134.77,135.34 1 1
github.com/SonnLarissa/wallet/pkg/wallet/service.go:140.2,140.32 1 1
github.com/SonnLarissa/wallet/pkg/wallet/service.go:135.34,136.27 1 1
github.com/SonnLarissa/wallet/pkg/wallet/service.go:136.27,138.4 1 1
github.com/SonnLarissa/wallet/pkg/wallet/service.go:143.80,144.36 1 1
github.com/SonnLarissa/wallet/pkg/wallet/service.go:149.2,149.33 1 1
github.com/SonnLarissa/wallet/pkg/wallet/service.go:144.36,145.29 1 1
github.com/SonnLarissa/wallet/pkg/wallet/service.go:145.29,147.4 1 1
github.com/SonnLarissa/wallet/pkg/wallet/service.go:152.68,154.15 2 1
github.com/SonnLarissa/wallet/pkg/wallet/service.go:157.2,158.15 2 1
github.com/SonnLarissa/wallet/pkg/wallet/service.go:161.2,161.17 1 1
github.com/SonnLarissa/wallet/pkg/wallet/service.go:154.15,156.3 1 1
github.com/SonnLarissa/wallet/pkg/wallet/service.go:158.15,160.3 1 0
github.com/SonnLarissa/wallet/pkg/wallet/service.go:164.91,165.39 1 1
github.com/SonnLarissa/wallet/pkg/wallet/service.go:170.2,171.16 2 1
github.com/SonnLarissa/wallet/pkg/wallet/service.go:174.2,183.22 4 1
github.com/SonnLarissa/wallet/pkg/wallet/service.go:165.39,166.28 1 1
github.com/SonnLarissa/wallet/pkg/wallet/service.go:166.28,168.4 1 1
github.com/SonnLarissa/wallet/pkg/wallet/service.go:171.16,173.3 1 0
github.com/SonnLarissa/wallet/pkg/wallet/service.go:186.78,188.15 2 1
github.com/SonnLarissa/wallet/pkg/wallet/service.go:191.2,191.55 1 1
github.com/SonnLarissa/wallet/pkg/wallet/service.go:188.15,190.3 1 1
github.com/SonnLarissa/wallet/pkg/wallet/service.go:194.51,196.16 2 1
github.com/SonnLarissa/wallet/pkg/wallet/service.go:199.2,200.37 2 1
github.com/SonnLarissa/wallet/pkg/wallet/service.go:206.2,206.12 1 1
github.com/SonnLarissa/wallet/pkg/wallet/service.go:196.16,198.3 1 0
github.com/SonnLarissa/wallet/pkg/wallet/service.go:200.37,202.17 2 1
github.com/SonnLarissa/wallet/pkg/wallet/service.go:202.17,204.4 1 0
github.com/SonnLarissa/wallet/pkg/wallet/service.go:209.53,211.16 2 1
github.com/SonnLarissa/wallet/pkg/wallet/service.go:214.2,216.25 3 1
github.com/SonnLarissa/wallet/pkg/wallet/service.go:231.2,231.12 1 0
github.com/SonnLarissa/wallet/pkg/wallet/service.go:211.16,213.3 1 0
github.com/SonnLarissa/wallet/pkg/wallet/service.go:216.25,218.26 2 1
github.com/SonnLarissa/wallet/pkg/wallet/service.go:221.3,222.17 2 1
github.com/SonnLarissa/wallet/pkg/wallet/service.go:225.3,227.17 3 1
github.com/SonnLarissa/wallet/pkg/wallet/service.go:218.26,219.12 1 0
github.com/SonnLarissa/wallet/pkg/wallet/service.go:222.17,224.4 1 0
github.com/SonnLarissa/wallet/pkg/wallet/service.go:227.17,229.4 1 1
